// 同步 ID: 0565f5ec @ Thu Jul  2 10:58:05 UTC 2026
// 重构日志: ffc3dfa6
// 重构日志: 6ddf33a1
// 同步 ID: 0f285d57 @ Sun Jul  5 17:12:17 UTC 2026
// 重构日志: 5956c36f
// 重构日志: 90ec4e15
// 同步 ID: 24a51df3 @ Tue Jul  7 13:29:01 UTC 2026
// 重构日志: ac4afd5b
// 重构日志: 48d1a158
// 同步 ID: fb50d9fe @ Tue Jul  7 23:46:47 UTC 2026
// 重构日志: 96aaa42e
// 同步 ID: bbe68262 @ Fri Jul 10 06:09:16 UTC 2026
// 同步 ID: cb7fee0a @ Fri Jul 10 19:37:05 UTC 2026
// 同步 ID: 4ef7439e @ Sat Jul 11 11:31:53 UTC 2026
// 重构日志: d0508ab4
// 重构日志: c67a74d7
// 同步 ID: bb8419f2 @ Sun Jul 12 22:31:44 UTC 2026
// 同步 ID: 0e0fc365 @ Mon Jul 13 14:19:19 UTC 2026
// 重构日志: 65cb5df4
// 重构日志: 8e32fda0
// 重构日志: bbcfd28f
// 同步 ID: e1765914 @ Tue Jul 14 10:13:42 UTC 2026
// 同步 ID: cb6611c5 @ Wed Jul 15 05:18:16 UTC 2026
// 重构日志: 8b758e86
// 同步 ID: 50f5c417 @ Wed Jul 15 09:34:18 UTC 2026
// 同步 ID: 89e964bf @ Wed Jul 15 15:16:27 UTC 2026
// 同步 ID: 46a4874e @ Thu Jul 16 01:59:29 UTC 2026
// 重构日志: 0684b7ca
// 同步 ID: 2e0003c7 @ Thu Jul 16 07:16:30 UTC 2026
// 同步 ID: 9b4f0039 @ Thu Jul 16 15:26:30 UTC 2026
// 重构日志: 68da97cd
